-------------------------------------------------------------------------------
Test set: net.sms.test.SchooManagementSystemlTests
-------------------------------------------------------------------------------
Tests run: 1, Failures: 0, Errors: 1, Skipped: 0, Time elapsed: 4.8 s <<< FAILURE! - in net.sms.test.SchooManagementSystemlTests
testPersistSchool(net.sms.test.SchooManagementSystemlTests)  Time elapsed: 0.185 s  <<< ERROR!
org.springframework.dao.DataIntegrityViolationException: could not execute statement; SQL [n/a]; constraint [uk_82lir78ofmgwol3h9b43bmtfw]; nested exception is org.hibernate.exception.ConstraintViolationException: could not execute statement
	at net.sms.test.SchooManagementSystemlTests.testPersistSchool(SchooManagementSystemlTests.java:217)
Caused by: org.hibernate.exception.ConstraintViolationException: could not execute statement
	at net.sms.test.SchooManagementSystemlTests.testPersistSchool(SchooManagementSystemlTests.java:217)
Caused by: org.postgresql.util.PSQLException: 
ERROR: duplicate key value violates unique constraint "uk_82lir78ofmgwol3h9b43bmtfw"
  Detail: Key (subjects_id)=(6) already exists.
	at net.sms.test.SchooManagementSystemlTests.testPersistSchool(SchooManagementSystemlTests.java:217)

